<?xml version="1.0" encoding="UTF-8"?>
<testng-results ignored="0" total="1" passed="1" failed="0" skipped="0">
  <reporter-output>
  </reporter-output>
  <suite started-at="2024-05-13T17:52:36 ICT" name="Surefire suite" finished-at="2024-05-13T17:52:45 ICT" duration-ms="8106">
    <groups>
    </groups>
    <test started-at="2024-05-13T17:52:36 ICT" name="Surefire test" finished-at="2024-05-13T17:52:45 ICT" duration-ms="8106">
      <class name="automation.ShopPackage">
        <test-method signature="testShopPackageFunctionality()[pri:0, instance:automation.ShopPackage@7ff95560]" started-at="2024-05-13T17:52:36 ICT" name="testShopPackageFunctionality" finished-at="2024-05-13T17:52:45 ICT" duration-ms="8093" status="PASS">
          <reporter-output>
          </reporter-output>
        </test-method> <!-- testShopPackageFunctionality -->
      </class> <!-- automation.ShopPackage -->
    </test> <!-- Surefire test -->
  </suite> <!-- Surefire suite -->
</testng-results>
