<?xml version="1.0" encoding="UTF-8"?>
<testsuite xmlns:xsi="http://www.w3.org/2001/XMLSchema-instance" xsi:noNamespaceSchemaLocation="https://maven.apache.org/surefire/maven-surefire-plugin/xsd/surefire-test-report-3.0.xsd" version="3.0" name="automation.ShopPackage" time="9.118" tests="1" errors="0" skipped="0" failures="0">
  <properties>
[...]
</properties>
  <testcase name="testShopPackageFunctionality" classname="automation.ShopPackage" time="8.92">
    <system-out><![CDATA[I. Login with owner account Successfully!
a. AccessToken parsed and saved to file infoPackageShop.
b. Các key và value từ file infoPackageShop:
bundleFeatureName: STATUP+
bundleFeatureCode: bundle_vn_0001_statup_plus
yearsOfFeatureLimitation: 1
labelFeatureLimitation: bundle_vn_0001_statup_plus__1

II. Compare data with files.
1. Data from Excel.json and Database.json match.
2. Data from Database.json and Api.json match.
3. Data from Api.json and LocalStore.json match.

a. Kết nối tới cơ sở dữ liệu DBeaver thành công!
b. Dữ liệu đã được lưu vào file Database.json thành công!
]]></system-out>
    <system-err><![CDATA[SLF4J(I): Connected with provider of type [org.slf4j.simple.SimpleServiceProvider]
]]></system-err>
  </testcase>
</testsuite>