<?xml version="1.0" encoding="UTF-8"?>
<testng-results ignored="0" total="1" passed="1" failed="0" skipped="0">
  <reporter-output>
  </reporter-output>
  <suite started-at="2024-05-13T17:39:25 ICT" name="Surefire suite" finished-at="2024-05-13T17:39:35 ICT" duration-ms="9287">
    <groups>
    </groups>
    <test started-at="2024-05-13T17:39:25 ICT" name="Surefire test" finished-at="2024-05-13T17:39:35 ICT" duration-ms="9287">
      <class name="automation.ShopPackage">
        <test-method is-config="true" signature="setUp()[pri:0, instance:automation.ShopPackage@6ce139a4]" started-at="2024-05-13T17:39:25 ICT" name="setUp" finished-at="2024-05-13T17:39:30 ICT" duration-ms="4465" status="PASS">
          <reporter-output>
          </reporter-output>
        </test-method> <!-- setUp -->
        <test-method signature="testShopFunctions()[pri:0, instance:automation.ShopPackage@6ce139a4]" started-at="2024-05-13T17:39:30 ICT" name="testShopFunctions" finished-at="2024-05-13T17:39:35 ICT" duration-ms="4713" status="PASS">
          <reporter-output>
          </reporter-output>
        </test-method> <!-- testShopFunctions -->
        <test-method is-config="true" signature="tearDown()[pri:0, instance:automation.ShopPackage@6ce139a4]" started-at="2024-05-13T17:39:35 ICT" name="tearDown" finished-at="2024-05-13T17:39:35 ICT" duration-ms="98" status="PASS">
          <reporter-output>
          </reporter-output>
        </test-method> <!-- tearDown -->
      </class> <!-- automation.ShopPackage -->
    </test> <!-- Surefire test -->
  </suite> <!-- Surefire suite -->
</testng-results>
